#
# There is insufficient memory for the Java Runtime Environment to continue.
# Native memory allocation (malloc) failed to allocate 1048576 bytes for AllocateHeap
# Possible reasons:
#   The system is out of physical RAM or swap space
#   In 32 bit mode, the process size limit was hit
# Possible solutions:
#   Reduce memory load on the system
#   Increase physical memory or swap space
#   Check if swap backing store is full
#   Use 64 bit Java on a 64 bit OS
#   Decrease Java heap size (-Xmx/-Xms)
#   Decrease number of Java threads
#   Decrease Java thread stack sizes (-Xss)
#   Set larger code cache with -XX:ReservedCodeCacheSize=
# This output file may be truncated or incomplete.
#
#  Out of Memory Error (memory/allocation.inline.hpp:61), pid=4300, tid=0x000000000000180c
#
# JRE version:  (8.0_111-b14) (build )
# Java VM: Java HotSpot(TM) 64-Bit Server VM (25.111-b14 mixed mode windows-amd64 compressed oops)
# Failed to write core dump. Minidumps are not enabled by default on client versions of Windows
#

---------------  T H R E A D  ---------------

Current thread (0x0000000002951000):  JavaThread "Unknown thread" [_thread_in_vm, id=6156, stack(0x0000000002840000,0x0000000002940000)]

Stack: [0x0000000002840000,0x0000000002940000]
[error occurred during error reporting (printing stack bounds), id 0xc0000005]

Native frames: (J=compiled Java code, j=interpreted, Vv=VM code, C=native code)


---------------  P R O C E S S  ---------------

Java Threads: ( => current thread )

Other Threads:

=>0x0000000002951000 (exited) JavaThread "Unknown thread" [_thread_in_vm, id=6156, stack(0x0000000002840000,0x0000000002940000)]

VM state:not at safepoint (normal execution)

VM Mutex/Monitor currently owned by a thread: None

Heap:
 PSYoungGen      total 18944K, used 327K [0x00000000eaf80000, 0x00000000ec480000, 0x0000000100000000)
  eden space 16384K, 2% used [0x00000000eaf80000,0x00000000eafd1ec8,0x00000000ebf80000)
  from space 2560K, 0% used [0x00000000ec200000,0x00000000ec200000,0x00000000ec480000)
  to   space 2560K, 0% used [0x00000000ebf80000,0x00000000ebf80000,0x00000000ec200000)
 ParOldGen       total 44032K, used 0K [0x00000000c0e00000, 0x00000000c3900000, 0x00000000eaf80000)
  object space 44032K, 0% used [0x00000000c0e00000,0x00000000c0e00000,0x00000000c3900000)
 Metaspace       used 770K, capacity 4480K, committed 4480K, reserved 1056768K
  class space    used 75K, capacity 384K, committed 384K, reserved 1048576K

Card table byte_map: [0x0000000011e90000,0x0000000012090000] byte_map_base: 0x0000000011889000

Marking Bits: (ParMarkBitMap*) 0x00000000743da6c0
 Begin Bits: [0x00000000125f0000, 0x00000000135b8000)
 End Bits:   [0x00000000135b8000, 0x0000000014580000)

Polling page: 0x0000000000d80000

CodeCache: size=245760Kb used=328Kb max_used=328Kb free=245431Kb
 bounds [0x0000000002ad0000, 0x0000000002d40000, 0x0000000011ad0000]
 total_blobs=58 nmethods=0 adapters=38
 compilation: enabled

Compilation events (0 events):
No events

GC Heap History (0 events):
No events

Deoptimization events (0 events):
No events

Internal exceptions (0 events):
No events

Events (10 events):
Event: 0.079 loading class java/lang/Short
Event: 0.080 loading class java/lang/Short done
Event: 0.080 loading class java/lang/Integer
Event: 0.082 loading class java/lang/Integer done
Event: 0.082 loading class java/lang/Long
Event: 0.082 loading class java/lang/Long done
Event: 0.092 loading class java/lang/NullPointerException
Event: 0.092 loading class java/lang/NullPointerException done
Event: 0.092 loading class java/lang/ArithmeticException
Event: 0.092 loading class java/lang/ArithmeticException done


Dynamic libraries:
0x00007ff7157c0000 - 0x00007ff7157f7000 	C:\Program Files\Java\jdk1.8.0_111\bin\java.exe
0x00007ffdcb4d0000 - 0x00007ffdcb6c4000 	C:\WINDOWS\SYSTEM32\ntdll.dll
0x00007ffdcaa70000 - 0x00007ffdcab2d000 	C:\WINDOWS\System32\KERNEL32.DLL
0x00007ffdc8c10000 - 0x00007ffdc8ed7000 	C:\WINDOWS\System32\KERNELBASE.dll
0x00007ffdc9d30000 - 0x00007ffdc9dda000 	C:\WINDOWS\System32\ADVAPI32.dll
0x00007ffdc98b0000 - 0x00007ffdc994e000 	C:\WINDOWS\System32\msvcrt.dll
0x00007ffdca8a0000 - 0x00007ffdca93b000 	C:\WINDOWS\System32\sechost.dll
0x00007ffdc9b50000 - 0x00007ffdc9c73000 	C:\WINDOWS\System32\RPCRT4.dll
0x00007ffdc9950000 - 0x00007ffdc9af0000 	C:\WINDOWS\System32\USER32.dll
0x00007ffdc8f30000 - 0x00007ffdc8f52000 	C:\WINDOWS\System32\win32u.dll
0x00007ffdc9880000 - 0x00007ffdc98aa000 	C:\WINDOWS\System32\GDI32.dll
0x00007ffdc9340000 - 0x00007ffdc944a000 	C:\WINDOWS\System32\gdi32full.dll
0x00007ffdc9220000 - 0x00007ffdc92bd000 	C:\WINDOWS\System32\msvcp_win.dll
0x00007ffdc90c0000 - 0x00007ffdc91c0000 	C:\WINDOWS\System32\ucrtbase.dll
0x00007ffdb7200000 - 0x00007ffdb749a000 	C:\WINDOWS\WinSxS\amd64_microsoft.windows.common-controls_6595b64144ccf1df_6.0.19041.1_none_b555e41d4684ddec\COMCTL32.dll
0x00007ffdcab30000 - 0x00007ffdcab60000 	C:\WINDOWS\System32\IMM32.DLL
0x0000000073ae0000 - 0x0000000073bb2000 	C:\Program Files\Java\jdk1.8.0_111\jre\bin\msvcr100.dll
0x0000000073bc0000 - 0x000000007445a000 	C:\Program Files\Java\jdk1.8.0_111\jre\bin\server\jvm.dll
0x00007ffdcab60000 - 0x00007ffdcab68000 	C:\WINDOWS\System32\PSAPI.DLL
0x00007ffdb7e00000 - 0x00007ffdb7e09000 	C:\WINDOWS\SYSTEM32\WSOCK32.dll
0x00007ffdca830000 - 0x00007ffdca89b000 	C:\WINDOWS\System32\WS2_32.dll
0x00007ffdbc130000 - 0x00007ffdbc13a000 	C:\WINDOWS\SYSTEM32\VERSION.dll
0x00007ffdbd820000 - 0x00007ffdbd847000 	C:\WINDOWS\SYSTEM32\WINMM.dll
0x0000000073a90000 - 0x0000000073a9f000 	C:\Program Files\Java\jdk1.8.0_111\jre\bin\verify.dll
0x0000000073a60000 - 0x0000000073a89000 	C:\Program Files\Java\jdk1.8.0_111\jre\bin\java.dll
0x0000000073a40000 - 0x0000000073a56000 	C:\Program Files\Java\jdk1.8.0_111\jre\bin\zip.dll

VM Arguments:
jvm_args: -Dfile.encoding=UTF-8 
java_command: EmailValidation
java_class_path (initial): C:\Users\88016\Desktop\JAVA\Evedence\build\classes
Launcher Type: SUN_STANDARD

Environment Variables:
JAVA_HOME=C:\Program Files\Java\jdk1.8.0_291
PATH=C:\Program Files (x86)\Common Files\Oracle\Java\javapath;C:\oraclexe\app\oracle\product\11.2.0\server\bin;C:\WINDOWS\system32;C:\WINDOWS;C:\WINDOWS\System32\Wbem;C:\WINDOWS\System32\WindowsPowerShell\v1.0\;C:\Program Files\Git\cmd;C:\Program Files\Java\jdk1.8.0_291\bin;;C:\WINDOWS\System32\OpenSSH\;C:\Users\88016\AppData\Local\Microsoft\WindowsApps;C:\Users\88016\AppData\Local\Programs\Microsoft VS Code\bin;
USERNAME=88016
OS=Windows_NT
PROCESSOR_IDENTIFIER=Intel64 Family 6 Model 69 Stepping 1, GenuineIntel



---------------  S Y S T E M  ---------------

OS: Windows 10.0 , 64 bit Build 19041 (10.0.19041.1)

CPU:total 4 (2 cores per cpu, 2 threads per core) family 6 model 69 stepping 1, cmov, cx8, fxsr, mmx, sse, sse2, sse3, ssse3, sse4.1, sse4.2, popcnt, avx, avx2, aes, clmul, erms, lzcnt, ht, tsc, tscinvbit, bmi1, bmi2

Memory: 4k page, physical 4129068k(665752k free), swap 6196936k(5412k free)

vm_info: Java HotSpot(TM) 64-Bit Server VM (25.111-b14) for windows-amd64 JRE (1.8.0_111-b14), built on Sep 22 2016 19:24:05 by "java_re" with MS VC++ 10.0 (VS2010)

time: Thu Jul 29 13:48:52 2021
elapsed time: 0 seconds (0d 0h 0m 0s)

